1731474948.729143 client started (38310): version 3.5a, socket /private/tmp/tmux-501/default, protocol 8
1731474948.729188 on Darwin 24.0.0 Darwin Kernel Version 24.0.0: Tue Sep 24 23:37:13 PDT 2024; root:xnu-11215.1.12~1/RELEASE_ARM64_T8112
1731474948.729197 using libevent 2.1.12-stable select
1731474948.729401 using utf8proc 2.9.0
1731474948.729411 using ncurses 6.5 20240427
1731474948.729427 flags are 0x18010000
1731474948.729435 socket is /private/tmp/tmux-501/default
1731474948.729448 trying connect
1731474948.729462 connect failed: Connection refused
1731474948.729475 lock file is /private/tmp/tmux-501/default.lock
1731474948.729595 flock succeeded
1731474948.729603 got lock (6)
1731474948.729610 trying connect
1731474948.729622 connect failed: Connection refused
1731474948.730066 add peer 0x140008000: 7 (0x0)
1731474948.733089 sending message 111 to peer 0x140008000 (8 bytes)
1731474948.733103 sending message 111 to peer 0x140008000 (8 bytes)
1731474948.733110 sending message 101 to peer 0x140008000 (15 bytes)
1731474948.733117 sending message 109 to peer 0x140008000 (4 bytes)
1731474948.733124 sending message 102 to peer 0x140008000 (13 bytes)
1731474948.733131 sending message 108 to peer 0x140008000 (67 bytes)
1731474948.733137 sending message 112 to peer 0x140008000 (58 bytes)
1731474948.733143 sending message 112 to peer 0x140008000 (5 bytes)
1731474948.733149 sending message 112 to peer 0x140008000 (5 bytes)
1731474948.733155 sending message 112 to peer 0x140008000 (6 bytes)
1731474948.733161 sending message 112 to peer 0x140008000 (6 bytes)
1731474948.733168 sending message 112 to peer 0x140008000 (11 bytes)
1731474948.733174 sending message 112 to peer 0x140008000 (10 bytes)
1731474948.733181 sending message 112 to peer 0x140008000 (13 bytes)
1731474948.733186 sending message 112 to peer 0x140008000 (14 bytes)
1731474948.733192 sending message 112 to peer 0x140008000 (19 bytes)
1731474948.733198 sending message 112 to peer 0x140008000 (11 bytes)
1731474948.733204 sending message 112 to peer 0x140008000 (10 bytes)
1731474948.733210 sending message 112 to peer 0x140008000 (15 bytes)
1731474948.733216 sending message 112 to peer 0x140008000 (21 bytes)
1731474948.733222 sending message 112 to peer 0x140008000 (13 bytes)
1731474948.733228 sending message 112 to peer 0x140008000 (7 bytes)
1731474948.733237 sending message 112 to peer 0x140008000 (13 bytes)
1731474948.733247 sending message 112 to peer 0x140008000 (7 bytes)
1731474948.733254 sending message 112 to peer 0x140008000 (13 bytes)
1731474948.733260 sending message 112 to peer 0x140008000 (9 bytes)
1731474948.733269 sending message 112 to peer 0x140008000 (21 bytes)
1731474948.733278 sending message 112 to peer 0x140008000 (13 bytes)
1731474948.733285 sending message 112 to peer 0x140008000 (9 bytes)
1731474948.733293 sending message 112 to peer 0x140008000 (16 bytes)
1731474948.733299 sending message 112 to peer 0x140008000 (13 bytes)
1731474948.733305 sending message 112 to peer 0x140008000 (9 bytes)
1731474948.733311 sending message 112 to peer 0x140008000 (9 bytes)
1731474948.733318 sending message 112 to peer 0x140008000 (12 bytes)
1731474948.733324 sending message 112 to peer 0x140008000 (8 bytes)
1731474948.733329 sending message 112 to peer 0x140008000 (8 bytes)
1731474948.733337 sending message 112 to peer 0x140008000 (13 bytes)
1731474948.733346 sending message 112 to peer 0x140008000 (7 bytes)
1731474948.733352 sending message 112 to peer 0x140008000 (7 bytes)
1731474948.733357 sending message 112 to peer 0x140008000 (9 bytes)
1731474948.733362 sending message 112 to peer 0x140008000 (9 bytes)
1731474948.733366 sending message 112 to peer 0x140008000 (15 bytes)
1731474948.733371 sending message 112 to peer 0x140008000 (13 bytes)
1731474948.733376 sending message 112 to peer 0x140008000 (12 bytes)
1731474948.733380 sending message 112 to peer 0x140008000 (8 bytes)
1731474948.733385 sending message 112 to peer 0x140008000 (14 bytes)
1731474948.733390 sending message 112 to peer 0x140008000 (11 bytes)
1731474948.733396 sending message 112 to peer 0x140008000 (9 bytes)
1731474948.733419 sending message 112 to peer 0x140008000 (10 bytes)
1731474948.733424 sending message 112 to peer 0x140008000 (10 bytes)
1731474948.733428 sending message 112 to peer 0x140008000 (10 bytes)
1731474948.733433 sending message 112 to peer 0x140008000 (10 bytes)
1731474948.733438 sending message 112 to peer 0x140008000 (11 bytes)
1731474948.733442 sending message 112 to peer 0x140008000 (12 bytes)
1731474948.733446 sending message 112 to peer 0x140008000 (12 bytes)
1731474948.733451 sending message 112 to peer 0x140008000 (12 bytes)
1731474948.733455 sending message 112 to peer 0x140008000 (12 bytes)
1731474948.733459 sending message 112 to peer 0x140008000 (12 bytes)
1731474948.733464 sending message 112 to peer 0x140008000 (11 bytes)
1731474948.733468 sending message 112 to peer 0x140008000 (11 bytes)
1731474948.733473 sending message 112 to peer 0x140008000 (12 bytes)
1731474948.733478 sending message 112 to peer 0x140008000 (12 bytes)
1731474948.733482 sending message 112 to peer 0x140008000 (12 bytes)
1731474948.733487 sending message 112 to peer 0x140008000 (12 bytes)
1731474948.733492 sending message 112 to peer 0x140008000 (12 bytes)
1731474948.733496 sending message 112 to peer 0x140008000 (9 bytes)
1731474948.733501 sending message 112 to peer 0x140008000 (12 bytes)
1731474948.733506 sending message 112 to peer 0x140008000 (13 bytes)
1731474948.733511 sending message 112 to peer 0x140008000 (13 bytes)
1731474948.733516 sending message 112 to peer 0x140008000 (13 bytes)
1731474948.733520 sending message 112 to peer 0x140008000 (13 bytes)
1731474948.733524 sending message 112 to peer 0x140008000 (13 bytes)
1731474948.733529 sending message 112 to peer 0x140008000 (8 bytes)
1731474948.733533 sending message 112 to peer 0x140008000 (11 bytes)
1731474948.733537 sending message 112 to peer 0x140008000 (11 bytes)
1731474948.733542 sending message 112 to peer 0x140008000 (11 bytes)
1731474948.733546 sending message 112 to peer 0x140008000 (12 bytes)
1731474948.733551 sending message 112 to peer 0x140008000 (12 bytes)
1731474948.733555 sending message 112 to peer 0x140008000 (12 bytes)
1731474948.733560 sending message 112 to peer 0x140008000 (12 bytes)
1731474948.733565 sending message 112 to peer 0x140008000 (13 bytes)
1731474948.733569 sending message 112 to peer 0x140008000 (13 bytes)
1731474948.733573 sending message 112 to peer 0x140008000 (13 bytes)
1731474948.733577 sending message 112 to peer 0x140008000 (8 bytes)
1731474948.733582 sending message 112 to peer 0x140008000 (13 bytes)
1731474948.733587 sending message 112 to peer 0x140008000 (13 bytes)
1731474948.733591 sending message 112 to peer 0x140008000 (13 bytes)
1731474948.733596 sending message 112 to peer 0x140008000 (13 bytes)
1731474948.733602 sending message 112 to peer 0x140008000 (13 bytes)
1731474948.733608 sending message 112 to peer 0x140008000 (12 bytes)
1731474948.733612 sending message 112 to peer 0x140008000 (12 bytes)
1731474948.733616 sending message 112 to peer 0x140008000 (12 bytes)
1731474948.733620 sending message 112 to peer 0x140008000 (12 bytes)
1731474948.733624 sending message 112 to peer 0x140008000 (13 bytes)
1731474948.733629 sending message 112 to peer 0x140008000 (8 bytes)
1731474948.733634 sending message 112 to peer 0x140008000 (13 bytes)
1731474948.733639 sending message 112 to peer 0x140008000 (13 bytes)
1731474948.733643 sending message 112 to peer 0x140008000 (13 bytes)
1731474948.733648 sending message 112 to peer 0x140008000 (13 bytes)
1731474948.733651 sending message 112 to peer 0x140008000 (13 bytes)
1731474948.733656 sending message 112 to peer 0x140008000 (13 bytes)
1731474948.733659 sending message 112 to peer 0x140008000 (13 bytes)
1731474948.733662 sending message 112 to peer 0x140008000 (12 bytes)
1731474948.733666 sending message 112 to peer 0x140008000 (12 bytes)
1731474948.733670 sending message 112 to peer 0x140008000 (12 bytes)
1731474948.733673 sending message 112 to peer 0x140008000 (8 bytes)
1731474948.733678 sending message 112 to peer 0x140008000 (12 bytes)
1731474948.733682 sending message 112 to peer 0x140008000 (13 bytes)
1731474948.733696 sending message 112 to peer 0x140008000 (13 bytes)
1731474948.733701 sending message 112 to peer 0x140008000 (13 bytes)
1731474948.733706 sending message 112 to peer 0x140008000 (13 bytes)
1731474948.733711 sending message 112 to peer 0x140008000 (13 bytes)
1731474948.733715 sending message 112 to peer 0x140008000 (13 bytes)
1731474948.733719 sending message 112 to peer 0x140008000 (13 bytes)
1731474948.733723 sending message 112 to peer 0x140008000 (13 bytes)
1731474948.733728 sending message 112 to peer 0x140008000 (12 bytes)
1731474948.733734 sending message 112 to peer 0x140008000 (10 bytes)
1731474948.733739 sending message 112 to peer 0x140008000 (12 bytes)
1731474948.733744 sending message 112 to peer 0x140008000 (12 bytes)
1731474948.733748 sending message 112 to peer 0x140008000 (12 bytes)
1731474948.733753 sending message 112 to peer 0x140008000 (13 bytes)
1731474948.733758 sending message 112 to peer 0x140008000 (13 bytes)
1731474948.733763 sending message 112 to peer 0x140008000 (13 bytes)
1731474948.733767 sending message 112 to peer 0x140008000 (13 bytes)
1731474948.733772 sending message 112 to peer 0x140008000 (13 bytes)
1731474948.733776 sending message 112 to peer 0x140008000 (13 bytes)
1731474948.733780 sending message 112 to peer 0x140008000 (13 bytes)
1731474948.733785 sending message 112 to peer 0x140008000 (10 bytes)
1731474948.733790 sending message 112 to peer 0x140008000 (13 bytes)
1731474948.733795 sending message 112 to peer 0x140008000 (12 bytes)
1731474948.733800 sending message 112 to peer 0x140008000 (12 bytes)
1731474948.733803 sending message 112 to peer 0x140008000 (12 bytes)
1731474948.733807 sending message 112 to peer 0x140008000 (10 bytes)
1731474948.733812 sending message 112 to peer 0x140008000 (10 bytes)
1731474948.733817 sending message 112 to peer 0x140008000 (10 bytes)
1731474948.733821 sending message 112 to peer 0x140008000 (12 bytes)
1731474948.733825 sending message 112 to peer 0x140008000 (13 bytes)
1731474948.733830 sending message 112 to peer 0x140008000 (13 bytes)
1731474948.733834 sending message 112 to peer 0x140008000 (13 bytes)
1731474948.733838 sending message 112 to peer 0x140008000 (13 bytes)
1731474948.733841 sending message 112 to peer 0x140008000 (13 bytes)
1731474948.733845 sending message 112 to peer 0x140008000 (10 bytes)
1731474948.733849 sending message 112 to peer 0x140008000 (11 bytes)
1731474948.733853 sending message 112 to peer 0x140008000 (12 bytes)
1731474948.733857 sending message 112 to peer 0x140008000 (12 bytes)
1731474948.733862 sending message 112 to peer 0x140008000 (12 bytes)
1731474948.733866 sending message 112 to peer 0x140008000 (12 bytes)
1731474948.733870 sending message 112 to peer 0x140008000 (12 bytes)
1731474948.733875 sending message 112 to peer 0x140008000 (11 bytes)
1731474948.733881 sending message 112 to peer 0x140008000 (12 bytes)
1731474948.733885 sending message 112 to peer 0x140008000 (12 bytes)
1731474948.733890 sending message 112 to peer 0x140008000 (13 bytes)
1731474948.733894 sending message 112 to peer 0x140008000 (13 bytes)
1731474948.733898 sending message 112 to peer 0x140008000 (13 bytes)
1731474948.733902 sending message 112 to peer 0x140008000 (13 bytes)
1731474948.733907 sending message 112 to peer 0x140008000 (13 bytes)
1731474948.733911 sending message 112 to peer 0x140008000 (10 bytes)
1731474948.733915 sending message 112 to peer 0x140008000 (9 bytes)
1731474948.733920 sending message 112 to peer 0x140008000 (12 bytes)
1731474948.733924 sending message 112 to peer 0x140008000 (13 bytes)
1731474948.733929 sending message 112 to peer 0x140008000 (13 bytes)
1731474948.733934 sending message 112 to peer 0x140008000 (13 bytes)
1731474948.733940 sending message 112 to peer 0x140008000 (13 bytes)
1731474948.733946 sending message 112 to peer 0x140008000 (13 bytes)
1731474948.733951 sending message 112 to peer 0x140008000 (9 bytes)
1731474948.733955 sending message 112 to peer 0x140008000 (12 bytes)
1731474948.733959 sending message 112 to peer 0x140008000 (13 bytes)
1731474948.733971 sending message 112 to peer 0x140008000 (13 bytes)
1731474948.733975 sending message 112 to peer 0x140008000 (13 bytes)
1731474948.733979 sending message 112 to peer 0x140008000 (13 bytes)
1731474948.733984 sending message 112 to peer 0x140008000 (13 bytes)
1731474948.733988 sending message 112 to peer 0x140008000 (11 bytes)
1731474948.733993 sending message 112 to peer 0x140008000 (12 bytes)
1731474948.733997 sending message 112 to peer 0x140008000 (13 bytes)
1731474948.734001 sending message 112 to peer 0x140008000 (13 bytes)
1731474948.734006 sending message 112 to peer 0x140008000 (13 bytes)
1731474948.734010 sending message 112 to peer 0x140008000 (13 bytes)
1731474948.734015 sending message 112 to peer 0x140008000 (13 bytes)
1731474948.734019 sending message 112 to peer 0x140008000 (11 bytes)
1731474948.734023 sending message 112 to peer 0x140008000 (12 bytes)
1731474948.734028 sending message 112 to peer 0x140008000 (12 bytes)
1731474948.734031 sending message 112 to peer 0x140008000 (12 bytes)
1731474948.734035 sending message 112 to peer 0x140008000 (12 bytes)
1731474948.734039 sending message 112 to peer 0x140008000 (12 bytes)
1731474948.734042 sending message 112 to peer 0x140008000 (21 bytes)
1731474948.734045 sending message 112 to peer 0x140008000 (12 bytes)
1731474948.734049 sending message 112 to peer 0x140008000 (9 bytes)
1731474948.734054 sending message 112 to peer 0x140008000 (6 bytes)
1731474948.734059 sending message 112 to peer 0x140008000 (13 bytes)
1731474948.734063 sending message 112 to peer 0x140008000 (10 bytes)
1731474948.734067 sending message 112 to peer 0x140008000 (24 bytes)
1731474948.734072 sending message 112 to peer 0x140008000 (13 bytes)
1731474948.734077 sending message 112 to peer 0x140008000 (9 bytes)
1731474948.734082 sending message 112 to peer 0x140008000 (70 bytes)
1731474948.734086 sending message 112 to peer 0x140008000 (69 bytes)
1731474948.734092 sending message 112 to peer 0x140008000 (12 bytes)
1731474948.734096 sending message 112 to peer 0x140008000 (10 bytes)
1731474948.734100 sending message 112 to peer 0x140008000 (10 bytes)
1731474948.734105 sending message 112 to peer 0x140008000 (24 bytes)
1731474948.734110 sending message 112 to peer 0x140008000 (13 bytes)
1731474948.734115 sending message 112 to peer 0x140008000 (10 bytes)
1731474948.734119 sending message 112 to peer 0x140008000 (10 bytes)
1731474948.734123 sending message 112 to peer 0x140008000 (10 bytes)
1731474948.734128 sending message 112 to peer 0x140008000 (13 bytes)
1731474948.734132 sending message 112 to peer 0x140008000 (15 bytes)
1731474948.734137 sending message 112 to peer 0x140008000 (5 bytes)
1731474948.734142 sending message 104 to peer 0x140008000 (0 bytes)
1731474948.734147 sending message 110 to peer 0x140008000 (0 bytes)
1731474948.734152 sending message 107 to peer 0x140008000 (4 bytes)
1731474948.734157 sending message 105 to peer 0x140008000 (17 bytes)
1731474948.734162 sending message 105 to peer 0x140008000 (12 bytes)
1731474948.734166 sending message 105 to peer 0x140008000 (22 bytes)
1731474948.734171 sending message 105 to peer 0x140008000 (31 bytes)
1731474948.734177 sending message 105 to peer 0x140008000 (827 bytes)
1731474948.734182 sending message 105 to peer 0x140008000 (15 bytes)
1731474948.734187 sending message 105 to peer 0x140008000 (66 bytes)
1731474948.734192 sending message 105 to peer 0x140008000 (19 bytes)
1731474948.734197 sending message 105 to peer 0x140008000 (15 bytes)
1731474948.734201 sending message 105 to peer 0x140008000 (57 bytes)
1731474948.734205 sending message 105 to peer 0x140008000 (38 bytes)
1731474948.734210 sending message 105 to peer 0x140008000 (19 bytes)
1731474948.734214 sending message 105 to peer 0x140008000 (14 bytes)
1731474948.734218 sending message 105 to peer 0x140008000 (39 bytes)
1731474948.734224 sending message 105 to peer 0x140008000 (15 bytes)
1731474948.734228 sending message 105 to peer 0x140008000 (71 bytes)
1731474948.734233 sending message 105 to peer 0x140008000 (213 bytes)
1731474948.734246 sending message 105 to peer 0x140008000 (20 bytes)
1731474948.734250 sending message 105 to peer 0x140008000 (20 bytes)
1731474948.734255 sending message 105 to peer 0x140008000 (19 bytes)
1731474948.734259 sending message 105 to peer 0x140008000 (17 bytes)
1731474948.734264 sending message 105 to peer 0x140008000 (19 bytes)
1731474948.734269 sending message 105 to peer 0x140008000 (24 bytes)
1731474948.734273 sending message 105 to peer 0x140008000 (23 bytes)
1731474948.734279 sending message 105 to peer 0x140008000 (23 bytes)
1731474948.734284 sending message 105 to peer 0x140008000 (24 bytes)
1731474948.734289 sending message 105 to peer 0x140008000 (71 bytes)
1731474948.734293 sending message 105 to peer 0x140008000 (8 bytes)
1731474948.734298 sending message 105 to peer 0x140008000 (74 bytes)
1731474948.734303 sending message 105 to peer 0x140008000 (29 bytes)
1731474948.734308 sending message 105 to peer 0x140008000 (31 bytes)
1731474948.734313 sending message 105 to peer 0x140008000 (11 bytes)
1731474948.734318 sending message 105 to peer 0x140008000 (8 bytes)
1731474948.734322 sending message 105 to peer 0x140008000 (32 bytes)
1731474948.734326 sending message 105 to peer 0x140008000 (96 bytes)
1731474948.734329 sending message 105 to peer 0x140008000 (46 bytes)
1731474948.734333 sending message 105 to peer 0x140008000 (51 bytes)
1731474948.734337 sending message 105 to peer 0x140008000 (47 bytes)
1731474948.734341 sending message 105 to peer 0x140008000 (27 bytes)
1731474948.734346 sending message 105 to peer 0x140008000 (16 bytes)
1731474948.734350 sending message 105 to peer 0x140008000 (53 bytes)
1731474948.734355 sending message 105 to peer 0x140008000 (62 bytes)
1731474948.734359 sending message 105 to peer 0x140008000 (25 bytes)
1731474948.734362 sending message 106 to peer 0x140008000 (0 bytes)
1731474948.734439 sending message 200 to peer 0x140008000 (4 bytes)
1731474948.734445 client loop enter
1731474948.734459 client_signal: Child exited: 20
1731474949.233965 peer 0x140008000 message 207
1731474949.233972 sending message 208 to peer 0x140008000 (0 bytes)
1731474950.753080 peer 0x140008000 message 201
1731474950.753109 sending message 205 to peer 0x140008000 (0 bytes)
1731474950.754592 peer 0x140008000 message 204
1731474950.754611 client loop exit
